{"/Users/johanneshoppe/Work/ordpool/cat21-indexer/backend/src/modules/cats/cats.controller.ts": {"path":"/Users/johanneshoppe/Work/ordpool/cat21-indexer/backend/src/modules/cats/cats.controller.ts","statementMap":{"0":{"start":{"line":1,"column":0},"end":{"line":1,"column":null}},"1":{"start":{"line":10,"column":0},"end":{"line":10,"column":65}},"2":{"start":{"line":12,"column":0},"end":{"line":12,"column":31}},"3":{"start":{"line":13,"column":0},"end":{"line":13,"column":45}},"4":{"start":{"line":14,"column":0},"end":{"line":14,"column":85}},"5":{"start":{"line":16,"column":18},"end":{"line":16,"column":55}},"6":{"start":{"line":20,"column":7},"end":{"line":151,"column":null}},"7":{"start":{"line":21,"column":31},"end":{"line":21,"column":44}},"8":{"start":{"line":25,"column":4},"end":{"line":25,"column":40}},"9":{"start":{"line":30,"column":4},"end":{"line":30,"column":40}},"10":{"start":{"line":39,"column":16},"end":{"line":39,"column":64}},"11":{"start":{"line":40,"column":4},"end":{"line":42,"column":5}},"12":{"start":{"line":41,"column":6},"end":{"line":41,"column":65}},"13":{"start":{"line":43,"column":4},"end":{"line":43,"column":45}},"14":{"start":{"line":44,"column":4},"end":{"line":44,"column":15}},"15":{"start":{"line":53,"column":4},"end":{"line":55,"column":5}},"16":{"start":{"line":54,"column":6},"end":{"line":54,"column":53}},"17":{"start":{"line":56,"column":16},"end":{"line":56,"column":61}},"18":{"start":{"line":57,"column":4},"end":{"line":59,"column":5}},"19":{"start":{"line":58,"column":6},"end":{"line":58,"column":69}},"20":{"start":{"line":60,"column":4},"end":{"line":60,"column":45}},"21":{"start":{"line":61,"column":4},"end":{"line":61,"column":15}},"22":{"start":{"line":71,"column":16},"end":{"line":71,"column":59}},"23":{"start":{"line":72,"column":4},"end":{"line":74,"column":5}},"24":{"start":{"line":73,"column":6},"end":{"line":73,"column":65}},"25":{"start":{"line":76,"column":4},"end":{"line":80,"column":17}},"26":{"start":{"line":90,"column":16},"end":{"line":90,"column":59}},"27":{"start":{"line":91,"column":4},"end":{"line":93,"column":5}},"28":{"start":{"line":92,"column":6},"end":{"line":92,"column":65}},"29":{"start":{"line":95,"column":4},"end":{"line":108,"column":5}},"30":{"start":{"line":96,"column":18},"end":{"line":99,"column":19}},"31":{"start":{"line":101,"column":6},"end":{"line":105,"column":19}},"32":{"start":{"line":107,"column":6},"end":{"line":107,"column":93}},"33":{"start":{"line":118,"column":16},"end":{"line":118,"column":59}},"34":{"start":{"line":119,"column":4},"end":{"line":121,"column":5}},"35":{"start":{"line":120,"column":6},"end":{"line":120,"column":65}},"36":{"start":{"line":123,"column":4},"end":{"line":136,"column":5}},"37":{"start":{"line":124,"column":18},"end":{"line":127,"column":19}},"38":{"start":{"line":129,"column":6},"end":{"line":133,"column":19}},"39":{"start":{"line":135,"column":6},"end":{"line":135,"column":93}},"40":{"start":{"line":146,"column":4},"end":{"line":149,"column":6}},"41":{"start":{"line":20,"column":13},"end":{"line":20,"column":27}},"42":{"start":{"line":24,"column":2},"end":{"line":26,"column":null}},"43":{"start":{"line":29,"column":8},"end":{"line":31,"column":null}},"44":{"start":{"line":35,"column":8},"end":{"line":45,"column":null}},"45":{"start":{"line":49,"column":8},"end":{"line":62,"column":null}},"46":{"start":{"line":67,"column":8},"end":{"line":81,"column":null}},"47":{"start":{"line":86,"column":8},"end":{"line":109,"column":null}},"48":{"start":{"line":114,"column":8},"end":{"line":137,"column":null}},"49":{"start":{"line":142,"column":8},"end":{"line":150,"column":null}},"50":{"start":{"line":20,"column":13},"end":{"line":151,"column":null}}},"fnMap":{"0":{"name":"(anonymous_4)","decl":{"start":{"line":21,"column":2},"end":{"line":21,"column":31}},"loc":{"start":{"line":21,"column":55},"end":{"line":21,"column":59}}},"1":{"name":"(anonymous_5)","decl":{"start":{"line":24,"column":2},"end":{"line":24,"column":11}},"loc":{"start":{"line":24,"column":11},"end":{"line":26,"column":3}}},"2":{"name":"(anonymous_6)","decl":{"start":{"line":29,"column":2},"end":{"line":29,"column":7}},"loc":{"start":{"line":29,"column":17},"end":{"line":31,"column":3}}},"3":{"name":"(anonymous_7)","decl":{"start":{"line":35,"column":2},"end":{"line":35,"column":7}},"loc":{"start":{"line":37,"column":51},"end":{"line":45,"column":3}}},"4":{"name":"(anonymous_8)","decl":{"start":{"line":49,"column":2},"end":{"line":49,"column":7}},"loc":{"start":{"line":51,"column":51},"end":{"line":62,"column":3}}},"5":{"name":"(anonymous_9)","decl":{"start":{"line":67,"column":2},"end":{"line":67,"column":7}},"loc":{"start":{"line":69,"column":30},"end":{"line":81,"column":3}}},"6":{"name":"(anonymous_10)","decl":{"start":{"line":86,"column":2},"end":{"line":86,"column":7}},"loc":{"start":{"line":88,"column":30},"end":{"line":109,"column":3}}},"7":{"name":"(anonymous_11)","decl":{"start":{"line":114,"column":2},"end":{"line":114,"column":7}},"loc":{"start":{"line":116,"column":30},"end":{"line":137,"column":3}}},"8":{"name":"(anonymous_12)","decl":{"start":{"line":142,"column":2},"end":{"line":142,"column":7}},"loc":{"start":{"line":144,"column":59},"end":{"line":150,"column":3}}}},"branchMap":{"0":{"loc":{"start":{"line":40,"column":4},"end":{"line":42,"column":5}},"type":"if","locations":[{"start":{"line":40,"column":4},"end":{"line":42,"column":5}}]},"1":{"loc":{"start":{"line":53,"column":4},"end":{"line":55,"column":5}},"type":"if","locations":[{"start":{"line":53,"column":4},"end":{"line":55,"column":5}}]},"2":{"loc":{"start":{"line":57,"column":4},"end":{"line":59,"column":5}},"type":"if","locations":[{"start":{"line":57,"column":4},"end":{"line":59,"column":5}}]},"3":{"loc":{"start":{"line":72,"column":4},"end":{"line":74,"column":5}},"type":"if","locations":[{"start":{"line":72,"column":4},"end":{"line":74,"column":5}}]},"4":{"loc":{"start":{"line":91,"column":4},"end":{"line":93,"column":5}},"type":"if","locations":[{"start":{"line":91,"column":4},"end":{"line":93,"column":5}}]},"5":{"loc":{"start":{"line":119,"column":4},"end":{"line":121,"column":5}},"type":"if","locations":[{"start":{"line":119,"column":4},"end":{"line":121,"column":5}}]}},"s":{"0":1,"1":1,"2":1,"3":1,"4":1,"5":1,"6":1,"7":22,"8":1,"9":1,"10":2,"11":2,"12":1,"13":1,"14":1,"15":5,"16":3,"17":2,"18":2,"19":1,"20":1,"21":1,"22":2,"23":2,"24":1,"25":1,"26":3,"27":3,"28":1,"29":2,"30":2,"31":1,"32":1,"33":3,"34":3,"35":1,"36":2,"37":2,"38":1,"39":1,"40":5,"41":1,"42":1,"43":1,"44":1,"45":1,"46":1,"47":1,"48":1,"49":1,"50":1},"f":{"0":22,"1":1,"2":1,"3":2,"4":5,"5":2,"6":3,"7":3,"8":5},"b":{"0":[1],"1":[3],"2":[1],"3":[1],"4":[1],"5":[1]}}
,"/Users/johanneshoppe/Work/ordpool/cat21-indexer/backend/src/modules/cats/cats.service.ts": {"path":"/Users/johanneshoppe/Work/ordpool/cat21-indexer/backend/src/modules/cats/cats.service.ts","statementMap":{"0":{"start":{"line":1,"column":0},"end":{"line":1,"column":44}},"1":{"start":{"line":2,"column":0},"end":{"line":2,"column":51}},"2":{"start":{"line":3,"column":0},"end":{"line":3,"column":52}},"3":{"start":{"line":4,"column":0},"end":{"line":4,"column":67}},"4":{"start":{"line":5,"column":0},"end":{"line":5,"column":53}},"5":{"start":{"line":9,"column":7},"end":{"line":138,"column":null}},"6":{"start":{"line":12,"column":31},"end":{"line":12,"column":40}},"7":{"start":{"line":10,"column":19},"end":{"line":10,"column":42}},"8":{"start":{"line":15,"column":4},"end":{"line":20,"column":6}},"9":{"start":{"line":24,"column":21},"end":{"line":29,"column":17}},"10":{"start":{"line":31,"column":4},"end":{"line":34,"column":6}},"11":{"start":{"line":38,"column":21},"end":{"line":41,"column":43}},"12":{"start":{"line":43,"column":4},"end":{"line":43,"column":29}},"13":{"start":{"line":43,"column":17},"end":{"line":43,"column":29}},"14":{"start":{"line":44,"column":4},"end":{"line":44,"column":33}},"15":{"start":{"line":48,"column":21},"end":{"line":51,"column":37}},"16":{"start":{"line":53,"column":4},"end":{"line":53,"column":29}},"17":{"start":{"line":53,"column":17},"end":{"line":53,"column":29}},"18":{"start":{"line":54,"column":4},"end":{"line":54,"column":33}},"19":{"start":{"line":61,"column":19},"end":{"line":61,"column":51}},"20":{"start":{"line":63,"column":26},"end":{"line":65,"column":17}},"21":{"start":{"line":67,"column":20},"end":{"line":72,"column":21}},"22":{"start":{"line":74,"column":4},"end":{"line":79,"column":6}},"23":{"start":{"line":75,"column":31},"end":{"line":75,"column":47}},"24":{"start":{"line":83,"column":18},"end":{"line":91,"column":43}},"25":{"start":{"line":93,"column":4},"end":{"line":93,"column":26}},"26":{"start":{"line":93,"column":14},"end":{"line":93,"column":26}},"27":{"start":{"line":95,"column":19},"end":{"line":101,"column":6}},"28":{"start":{"line":103,"column":4},"end":{"line":103,"column":38}},"29":{"start":{"line":107,"column":4},"end":{"line":136,"column":6}},"30":{"start":{"line":9,"column":13},"end":{"line":9,"column":24}},"31":{"start":{"line":9,"column":13},"end":{"line":138,"column":null}}},"fnMap":{"0":{"name":"(anonymous_2)","decl":{"start":{"line":12,"column":2},"end":{"line":12,"column":31}},"loc":{"start":{"line":12,"column":54},"end":{"line":12,"column":58}}},"1":{"name":"(anonymous_3)","decl":{"start":{"line":14,"column":2},"end":{"line":14,"column":11}},"loc":{"start":{"line":14,"column":11},"end":{"line":21,"column":3}}},"2":{"name":"(anonymous_4)","decl":{"start":{"line":23,"column":2},"end":{"line":23,"column":7}},"loc":{"start":{"line":23,"column":17},"end":{"line":35,"column":3}}},"3":{"name":"(anonymous_5)","decl":{"start":{"line":37,"column":2},"end":{"line":37,"column":7}},"loc":{"start":{"line":37,"column":40},"end":{"line":45,"column":3}}},"4":{"name":"(anonymous_6)","decl":{"start":{"line":47,"column":2},"end":{"line":47,"column":7}},"loc":{"start":{"line":47,"column":37},"end":{"line":55,"column":3}}},"5":{"name":"(anonymous_7)","decl":{"start":{"line":57,"column":2},"end":{"line":57,"column":7}},"loc":{"start":{"line":59,"column":23},"end":{"line":80,"column":3}}},"6":{"name":"(anonymous_8)","decl":{"start":{"line":75,"column":24},"end":{"line":75,"column":25}},"loc":{"start":{"line":75,"column":31},"end":{"line":75,"column":47}}},"7":{"name":"(anonymous_9)","decl":{"start":{"line":82,"column":2},"end":{"line":82,"column":7}},"loc":{"start":{"line":82,"column":35},"end":{"line":104,"column":3}}},"8":{"name":"(anonymous_10)","decl":{"start":{"line":106,"column":10},"end":{"line":106,"column":18}},"loc":{"start":{"line":106,"column":48},"end":{"line":137,"column":3}}}},"branchMap":{"0":{"loc":{"start":{"line":19,"column":15},"end":{"line":19,"column":57}},"type":"binary-expr","locations":[{"start":{"line":19,"column":15},"end":{"line":19,"column":46}},{"start":{"line":19,"column":50},"end":{"line":19,"column":57}}]},"1":{"loc":{"start":{"line":33,"column":27},"end":{"line":33,"column":59}},"type":"binary-expr","locations":[{"start":{"line":33,"column":27},"end":{"line":33,"column":53}},{"start":{"line":33,"column":57},"end":{"line":33,"column":59}}]},"2":{"loc":{"start":{"line":43,"column":4},"end":{"line":43,"column":29}},"type":"if","locations":[{"start":{"line":43,"column":4},"end":{"line":43,"column":29}}]},"3":{"loc":{"start":{"line":53,"column":4},"end":{"line":53,"column":29}},"type":"if","locations":[{"start":{"line":53,"column":4},"end":{"line":53,"column":29}}]},"4":{"loc":{"start":{"line":93,"column":4},"end":{"line":93,"column":26}},"type":"if","locations":[{"start":{"line":93,"column":4},"end":{"line":93,"column":26}}]},"5":{"loc":{"start":{"line":103,"column":11},"end":{"line":103,"column":37}},"type":"binary-expr","locations":[{"start":{"line":103,"column":11},"end":{"line":103,"column":29}},{"start":{"line":103,"column":33},"end":{"line":103,"column":37}}]},"6":{"loc":{"start":{"line":113,"column":16},"end":{"line":113,"column":51}},"type":"binary-expr","locations":[{"start":{"line":113,"column":16},"end":{"line":113,"column":43}},{"start":{"line":113,"column":47},"end":{"line":113,"column":51}}]}},"s":{"0":2,"1":2,"2":2,"3":2,"4":2,"5":2,"6":13,"7":13,"8":1,"9":2,"10":2,"11":4,"12":4,"13":1,"14":3,"15":2,"16":2,"17":1,"18":1,"19":2,"20":2,"21":2,"22":2,"23":1,"24":2,"25":2,"26":1,"27":1,"28":1,"29":5,"30":2,"31":2},"f":{"0":13,"1":1,"2":2,"3":4,"4":2,"5":2,"6":1,"7":2,"8":5},"b":{"0":[1,1],"1":[2,1],"2":[1],"3":[1],"4":[1],"5":[1,0],"6":[5,1]}}
,"/Users/johanneshoppe/Work/ordpool/cat21-indexer/backend/src/modules/cats/dto/cat.dto.ts": {"path":"/Users/johanneshoppe/Work/ordpool/cat21-indexer/backend/src/modules/cats/dto/cat.dto.ts","statementMap":{"0":{"start":{"line":1,"column":0},"end":{"line":1,"column":67}},"1":{"start":{"line":3,"column":0},"end":{"line":3,"column":13}},"2":{"start":{"line":4,"column":17},"end":{"line":4,"column":null}},"3":{"start":{"line":5,"column":17},"end":{"line":5,"column":null}},"4":{"start":{"line":6,"column":17},"end":{"line":6,"column":null}},"5":{"start":{"line":7,"column":17},"end":{"line":7,"column":null}},"6":{"start":{"line":8,"column":17},"end":{"line":8,"column":null}},"7":{"start":{"line":9,"column":25},"end":{"line":9,"column":null}},"8":{"start":{"line":10,"column":25},"end":{"line":10,"column":null}},"9":{"start":{"line":11,"column":17},"end":{"line":11,"column":null}},"10":{"start":{"line":12,"column":17},"end":{"line":12,"column":null}},"11":{"start":{"line":13,"column":17},"end":{"line":13,"column":null}},"12":{"start":{"line":14,"column":25},"end":{"line":14,"column":null}},"13":{"start":{"line":15,"column":25},"end":{"line":15,"column":null}},"14":{"start":{"line":16,"column":25},"end":{"line":16,"column":null}},"15":{"start":{"line":17,"column":17},"end":{"line":17,"column":null}},"16":{"start":{"line":18,"column":25},"end":{"line":18,"column":null}},"17":{"start":{"line":19,"column":25},"end":{"line":19,"column":null}},"18":{"start":{"line":20,"column":25},"end":{"line":20,"column":null}},"19":{"start":{"line":21,"column":25},"end":{"line":21,"column":null}},"20":{"start":{"line":22,"column":25},"end":{"line":22,"column":null}},"21":{"start":{"line":23,"column":25},"end":{"line":23,"column":null}},"22":{"start":{"line":24,"column":25},"end":{"line":24,"column":null}},"23":{"start":{"line":25,"column":25},"end":{"line":25,"column":null}},"24":{"start":{"line":26,"column":25},"end":{"line":26,"column":null}},"25":{"start":{"line":27,"column":25},"end":{"line":27,"column":null}},"26":{"start":{"line":28,"column":25},"end":{"line":28,"column":null}},"27":{"start":{"line":29,"column":25},"end":{"line":29,"column":null}},"28":{"start":{"line":30,"column":25},"end":{"line":30,"column":null}},"29":{"start":{"line":31,"column":25},"end":{"line":31,"column":null}},"30":{"start":{"line":34,"column":0},"end":{"line":34,"column":13}},"31":{"start":{"line":35,"column":35},"end":{"line":35,"column":null}},"32":{"start":{"line":36,"column":17},"end":{"line":36,"column":null}},"33":{"start":{"line":37,"column":17},"end":{"line":37,"column":null}},"34":{"start":{"line":38,"column":17},"end":{"line":38,"column":null}},"35":{"start":{"line":41,"column":0},"end":{"line":41,"column":13}},"36":{"start":{"line":42,"column":17},"end":{"line":42,"column":null}},"37":{"start":{"line":43,"column":17},"end":{"line":43,"column":null}},"38":{"start":{"line":46,"column":0},"end":{"line":46,"column":13}},"39":{"start":{"line":47,"column":17},"end":{"line":47,"column":null}},"40":{"start":{"line":48,"column":17},"end":{"line":48,"column":null}},"41":{"start":{"line":49,"column":17},"end":{"line":49,"column":null}},"42":{"start":{"line":50,"column":17},"end":{"line":50,"column":null}}},"fnMap":{},"branchMap":{},"s":{"0":1,"1":1,"2":1,"3":1,"4":1,"5":1,"6":1,"7":1,"8":1,"9":1,"10":1,"11":1,"12":1,"13":1,"14":1,"15":1,"16":1,"17":1,"18":1,"19":1,"20":1,"21":1,"22":1,"23":1,"24":1,"25":1,"26":1,"27":1,"28":1,"29":1,"30":1,"31":1,"32":1,"33":1,"34":1,"35":1,"36":1,"37":1,"38":1,"39":1,"40":1,"41":1,"42":1},"f":{},"b":{}}
,"/Users/johanneshoppe/Work/ordpool/cat21-indexer/backend/src/modules/shared/drizzle/drizzle.service.ts": {"path":"/Users/johanneshoppe/Work/ordpool/cat21-indexer/backend/src/modules/shared/drizzle/drizzle.service.ts","statementMap":{"0":{"start":{"line":1,"column":0},"end":{"line":1,"column":69}},"1":{"start":{"line":2,"column":0},"end":{"line":2,"column":47}},"2":{"start":{"line":3,"column":0},"end":{"line":3,"column":26}},"3":{"start":{"line":4,"column":0},"end":{"line":4,"column":68}},"4":{"start":{"line":5,"column":0},"end":{"line":5,"column":35}},"5":{"start":{"line":8,"column":27},"end":{"line":24,"column":null}},"6":{"start":{"line":9,"column":19},"end":{"line":9,"column":60}},"7":{"start":{"line":14,"column":24},"end":{"line":14,"column":72}},"8":{"start":{"line":15,"column":4},"end":{"line":15,"column":60}},"9":{"start":{"line":16,"column":4},"end":{"line":16,"column":45}},"10":{"start":{"line":17,"column":4},"end":{"line":17,"column":56}},"11":{"start":{"line":21,"column":4},"end":{"line":21,"column":26}},"12":{"start":{"line":22,"column":4},"end":{"line":22,"column":55}},"13":{"start":{"line":8,"column":13},"end":{"line":8,"column":27}},"14":{"start":{"line":8,"column":13},"end":{"line":24,"column":null}}},"fnMap":{"0":{"name":"(anonymous_2)","decl":{"start":{"line":13,"column":2},"end":{"line":13,"column":14}},"loc":{"start":{"line":13,"column":42},"end":{"line":18,"column":3}}},"1":{"name":"(anonymous_3)","decl":{"start":{"line":20,"column":2},"end":{"line":20,"column":7}},"loc":{"start":{"line":20,"column":23},"end":{"line":23,"column":3}}}},"branchMap":{},"s":{"0":3,"1":3,"2":3,"3":3,"4":3,"5":3,"6":0,"7":0,"8":0,"9":0,"10":0,"11":0,"12":0,"13":3,"14":3},"f":{"0":0,"1":0},"b":{}}
,"/Users/johanneshoppe/Work/ordpool/cat21-indexer/backend/src/modules/shared/drizzle/schema/cats.ts": {"path":"/Users/johanneshoppe/Work/ordpool/cat21-indexer/backend/src/modules/shared/drizzle/schema/cats.ts","statementMap":{"0":{"start":{"line":1,"column":0},"end":{"line":1,"column":null}},"1":{"start":{"line":14,"column":13},"end":{"line":65,"column":2}},"2":{"start":{"line":54,"column":9},"end":{"line":64,"column":null}}},"fnMap":{"0":{"name":"(anonymous_0)","decl":{"start":{"line":54,"column":2},"end":{"line":54,"column":3}},"loc":{"start":{"line":54,"column":9},"end":{"line":64,"column":null}}}},"branchMap":{},"s":{"0":3,"1":3,"2":0},"f":{"0":0},"b":{}}
,"/Users/johanneshoppe/Work/ordpool/cat21-indexer/backend/src/modules/shared/drizzle/schema/index.ts": {"path":"/Users/johanneshoppe/Work/ordpool/cat21-indexer/backend/src/modules/shared/drizzle/schema/index.ts","statementMap":{"0":{"start":{"line":1,"column":0},"end":{"line":1,"column":23}}},"fnMap":{},"branchMap":{},"s":{"0":3},"f":{},"b":{}}
,"/Users/johanneshoppe/Work/ordpool/cat21-indexer/backend/src/modules/sync/ord-client.service.ts": {"path":"/Users/johanneshoppe/Work/ordpool/cat21-indexer/backend/src/modules/sync/ord-client.service.ts","statementMap":{"0":{"start":{"line":1,"column":0},"end":{"line":1,"column":44}},"1":{"start":{"line":2,"column":0},"end":{"line":2,"column":47}},"2":{"start":{"line":4,"column":25},"end":{"line":4,"column":31}},"3":{"start":{"line":19,"column":7},"end":{"line":84,"column":null}},"4":{"start":{"line":23,"column":4},"end":{"line":23,"column":67}},"5":{"start":{"line":30,"column":16},"end":{"line":30,"column":38}},"6":{"start":{"line":31,"column":16},"end":{"line":34,"column":6}},"7":{"start":{"line":36,"column":4},"end":{"line":38,"column":5}},"8":{"start":{"line":37,"column":6},"end":{"line":37,"column":83}},"9":{"start":{"line":40,"column":18},"end":{"line":40,"column":34}},"10":{"start":{"line":41,"column":4},"end":{"line":41,"column":41}},"11":{"start":{"line":41,"column":31},"end":{"line":41,"column":41}},"12":{"start":{"line":43,"column":19},"end":{"line":43,"column":49}},"13":{"start":{"line":44,"column":4},"end":{"line":44,"column":32}},"14":{"start":{"line":51,"column":16},"end":{"line":51,"column":54}},"15":{"start":{"line":53,"column":16},"end":{"line":56,"column":6}},"16":{"start":{"line":58,"column":4},"end":{"line":60,"column":5}},"17":{"start":{"line":59,"column":6},"end":{"line":59,"column":18}},"18":{"start":{"line":62,"column":4},"end":{"line":64,"column":5}},"19":{"start":{"line":63,"column":6},"end":{"line":63,"column":83}},"20":{"start":{"line":66,"column":4},"end":{"line":66,"column":47}},"21":{"start":{"line":70,"column":16},"end":{"line":70,"column":49}},"22":{"start":{"line":72,"column":16},"end":{"line":75,"column":6}},"23":{"start":{"line":77,"column":4},"end":{"line":79,"column":5}},"24":{"start":{"line":78,"column":6},"end":{"line":78,"column":83}},"25":{"start":{"line":81,"column":18},"end":{"line":81,"column":34}},"26":{"start":{"line":82,"column":4},"end":{"line":82,"column":21}},"27":{"start":{"line":19,"column":13},"end":{"line":19,"column":29}},"28":{"start":{"line":19,"column":13},"end":{"line":84,"column":null}}},"fnMap":{"0":{"name":"(anonymous_2)","decl":{"start":{"line":22,"column":2},"end":{"line":22,"column":14}},"loc":{"start":{"line":22,"column":42},"end":{"line":24,"column":3}}},"1":{"name":"(anonymous_3)","decl":{"start":{"line":29,"column":2},"end":{"line":29,"column":7}},"loc":{"start":{"line":29,"column":26},"end":{"line":45,"column":3}}},"2":{"name":"(anonymous_4)","decl":{"start":{"line":50,"column":2},"end":{"line":50,"column":7}},"loc":{"start":{"line":50,"column":45},"end":{"line":67,"column":3}}},"3":{"name":"(anonymous_5)","decl":{"start":{"line":69,"column":2},"end":{"line":69,"column":7}},"loc":{"start":{"line":69,"column":35},"end":{"line":83,"column":3}}}},"branchMap":{"0":{"loc":{"start":{"line":36,"column":4},"end":{"line":38,"column":5}},"type":"if","locations":[{"start":{"line":36,"column":4},"end":{"line":38,"column":5}}]},"1":{"loc":{"start":{"line":41,"column":4},"end":{"line":41,"column":41}},"type":"if","locations":[{"start":{"line":41,"column":4},"end":{"line":41,"column":41}}]},"2":{"loc":{"start":{"line":44,"column":11},"end":{"line":44,"column":31}},"type":"binary-expr","locations":[{"start":{"line":44,"column":11},"end":{"line":44,"column":25}},{"start":{"line":44,"column":29},"end":{"line":44,"column":31}}]},"3":{"loc":{"start":{"line":58,"column":4},"end":{"line":60,"column":5}},"type":"if","locations":[{"start":{"line":58,"column":4},"end":{"line":60,"column":5}}]},"4":{"loc":{"start":{"line":62,"column":4},"end":{"line":64,"column":5}},"type":"if","locations":[{"start":{"line":62,"column":4},"end":{"line":64,"column":5}}]},"5":{"loc":{"start":{"line":77,"column":4},"end":{"line":79,"column":5}},"type":"if","locations":[{"start":{"line":77,"column":4},"end":{"line":79,"column":5}}]}},"s":{"0":2,"1":2,"2":2,"3":2,"4":7,"5":2,"6":2,"7":2,"8":0,"9":2,"10":2,"11":1,"12":1,"13":1,"14":4,"15":4,"16":4,"17":1,"18":3,"19":1,"20":2,"21":2,"22":2,"23":2,"24":1,"25":1,"26":1,"27":2,"28":2},"f":{"0":7,"1":2,"2":4,"3":2},"b":{"0":[0],"1":[1],"2":[1,0],"3":[1],"4":[1],"5":[1]}}
,"/Users/johanneshoppe/Work/ordpool/cat21-indexer/backend/src/modules/sync/sync.service.ts": {"path":"/Users/johanneshoppe/Work/ordpool/cat21-indexer/backend/src/modules/sync/sync.service.ts","statementMap":{"0":{"start":{"line":11,"column":0},"end":{"line":11,"column":16}},"1":{"start":{"line":1,"column":0},"end":{"line":1,"column":52}},"2":{"start":{"line":2,"column":0},"end":{"line":2,"column":44}},"3":{"start":{"line":3,"column":0},"end":{"line":3,"column":34}},"4":{"start":{"line":4,"column":0},"end":{"line":4,"column":52}},"5":{"start":{"line":5,"column":0},"end":{"line":5,"column":67}},"6":{"start":{"line":6,"column":0},"end":{"line":6,"column":53}},"7":{"start":{"line":7,"column":0},"end":{"line":7,"column":70}},"8":{"start":{"line":9,"column":19},"end":{"line":9,"column":21}},"9":{"start":{"line":12,"column":2},"end":{"line":12,"column":39}},"10":{"start":{"line":12,"column":24},"end":{"line":12,"column":39}},"11":{"start":{"line":13,"column":2},"end":{"line":13,"column":41}},"12":{"start":{"line":13,"column":25},"end":{"line":13,"column":41}},"13":{"start":{"line":14,"column":2},"end":{"line":14,"column":41}},"14":{"start":{"line":14,"column":25},"end":{"line":14,"column":41}},"15":{"start":{"line":15,"column":2},"end":{"line":15,"column":43}},"16":{"start":{"line":15,"column":26},"end":{"line":15,"column":43}},"17":{"start":{"line":16,"column":2},"end":{"line":16,"column":43}},"18":{"start":{"line":16,"column":26},"end":{"line":16,"column":43}},"19":{"start":{"line":17,"column":2},"end":{"line":17,"column":43}},"20":{"start":{"line":17,"column":26},"end":{"line":17,"column":43}},"21":{"start":{"line":18,"column":2},"end":{"line":18,"column":42}},"22":{"start":{"line":18,"column":27},"end":{"line":18,"column":42}},"23":{"start":{"line":19,"column":2},"end":{"line":19,"column":12}},"24":{"start":{"line":23,"column":24},"end":{"line":161,"column":null}},"25":{"start":{"line":29,"column":21},"end":{"line":29,"column":30}},"26":{"start":{"line":30,"column":21},"end":{"line":30,"column":32}},"27":{"start":{"line":24,"column":19},"end":{"line":24,"column":57}},"28":{"start":{"line":25,"column":10},"end":{"line":25,"column":26}},"29":{"start":{"line":26,"column":19},"end":{"line":26,"column":62}},"30":{"start":{"line":35,"column":4},"end":{"line":35,"column":22}},"31":{"start":{"line":39,"column":19},"end":{"line":39,"column":50}},"32":{"start":{"line":40,"column":4},"end":{"line":40,"column":30}},"33":{"start":{"line":40,"column":16},"end":{"line":40,"column":30}},"34":{"start":{"line":42,"column":17},"end":{"line":42,"column":58}},"35":{"start":{"line":43,"column":4},"end":{"line":43,"column":42}},"36":{"start":{"line":44,"column":4},"end":{"line":44,"column":16}},"37":{"start":{"line":48,"column":4},"end":{"line":51,"column":5}},"38":{"start":{"line":49,"column":6},"end":{"line":49,"column":62}},"39":{"start":{"line":50,"column":6},"end":{"line":50,"column":13}},"40":{"start":{"line":53,"column":4},"end":{"line":53,"column":24}},"41":{"start":{"line":55,"column":4},"end":{"line":159,"column":5}},"42":{"start":{"line":57,"column":23},"end":{"line":59,"column":19}},"43":{"start":{"line":61,"column":23},"end":{"line":61,"column":48}},"44":{"start":{"line":64,"column":24},"end":{"line":64,"column":65}},"45":{"start":{"line":66,"column":6},"end":{"line":69,"column":7}},"46":{"start":{"line":67,"column":8},"end":{"line":67,"column":93}},"47":{"start":{"line":68,"column":8},"end":{"line":68,"column":15}},"48":{"start":{"line":71,"column":26},"end":{"line":71,"column":46}},"49":{"start":{"line":72,"column":6},"end":{"line":72,"column":94}},"50":{"start":{"line":74,"column":26},"end":{"line":74,"column":38}},"51":{"start":{"line":75,"column":26},"end":{"line":75,"column":27}},"52":{"start":{"line":77,"column":6},"end":{"line":151,"column":7}},"53":{"start":{"line":79,"column":25},"end":{"line":79,"column":76}},"54":{"start":{"line":80,"column":24},"end":{"line":80,"column":101}},"55":{"start":{"line":80,"column":83},"end":{"line":80,"column":100}},"56":{"start":{"line":82,"column":24},"end":{"line":83,"column":null}},"57":{"start":{"line":83,"column":29},"end":{"line":83,"column":53}},"58":{"start":{"line":85,"column":24},"end":{"line":88,"column":55}},"59":{"start":{"line":86,"column":75},"end":{"line":86,"column":99}},"60":{"start":{"line":87,"column":22},"end":{"line":87,"column":29}},"61":{"start":{"line":88,"column":44},"end":{"line":88,"column":54}},"62":{"start":{"line":90,"column":8},"end":{"line":90,"column":40}},"63":{"start":{"line":90,"column":34},"end":{"line":90,"column":40}},"64":{"start":{"line":93,"column":30},"end":{"line":93,"column":72}},"65":{"start":{"line":93,"column":61},"end":{"line":93,"column":69}},"66":{"start":{"line":94,"column":8},"end":{"line":94,"column":80}},"67":{"start":{"line":94,"column":51},"end":{"line":94,"column":77}},"68":{"start":{"line":97,"column":21},"end":{"line":141,"column":10}},"69":{"start":{"line":98,"column":28},"end":{"line":98,"column":67}},"70":{"start":{"line":99,"column":23},"end":{"line":99,"column":53}},"71":{"start":{"line":101,"column":25},"end":{"line":107,"column":12}},"72":{"start":{"line":109,"column":25},"end":{"line":109,"column":44}},"73":{"start":{"line":110,"column":26},"end":{"line":110,"column":58}},"74":{"start":{"line":112,"column":10},"end":{"line":140,"column":12}},"75":{"start":{"line":143,"column":8},"end":{"line":143,"column":78}},"76":{"start":{"line":145,"column":8},"end":{"line":145,"column":40}},"77":{"start":{"line":146,"column":8},"end":{"line":146,"column":40}},"78":{"start":{"line":148,"column":8},"end":{"line":150,"column":9}},"79":{"start":{"line":149,"column":10},"end":{"line":149,"column":103}},"80":{"start":{"line":153,"column":6},"end":{"line":153,"column":95}},"81":{"start":{"line":154,"column":6},"end":{"line":154,"column":34}},"82":{"start":{"line":156,"column":6},"end":{"line":156,"column":46}},"83":{"start":{"line":158,"column":6},"end":{"line":158,"column":27}},"84":{"start":{"line":23,"column":13},"end":{"line":23,"column":24}},"85":{"start":{"line":34,"column":8},"end":{"line":36,"column":null}},"86":{"start":{"line":23,"column":13},"end":{"line":161,"column":null}}},"fnMap":{"0":{"name":"deriveCategory","decl":{"start":{"line":11,"column":16},"end":{"line":11,"column":30}},"loc":{"start":{"line":11,"column":48},"end":{"line":20,"column":1}}},"1":{"name":"(anonymous_3)","decl":{"start":{"line":28,"column":2},"end":{"line":28,"column":null}},"loc":{"start":{"line":30,"column":48},"end":{"line":31,"column":6}}},"2":{"name":"(anonymous_4)","decl":{"start":{"line":34,"column":2},"end":{"line":34,"column":7}},"loc":{"start":{"line":34,"column":18},"end":{"line":36,"column":3}}},"3":{"name":"(anonymous_5)","decl":{"start":{"line":38,"column":10},"end":{"line":38,"column":15}},"loc":{"start":{"line":38,"column":49},"end":{"line":45,"column":3}}},"4":{"name":"(anonymous_6)","decl":{"start":{"line":47,"column":2},"end":{"line":47,"column":7}},"loc":{"start":{"line":47,"column":12},"end":{"line":160,"column":3}}},"5":{"name":"(anonymous_7)","decl":{"start":{"line":80,"column":73},"end":{"line":80,"column":74}},"loc":{"start":{"line":80,"column":83},"end":{"line":80,"column":100}}},"6":{"name":"(anonymous_8)","decl":{"start":{"line":83,"column":22},"end":{"line":83,"column":23}},"loc":{"start":{"line":83,"column":29},"end":{"line":83,"column":53}}},"7":{"name":"(anonymous_9)","decl":{"start":{"line":86,"column":18},"end":{"line":86,"column":19}},"loc":{"start":{"line":86,"column":75},"end":{"line":86,"column":99}}},"8":{"name":"(anonymous_10)","decl":{"start":{"line":87,"column":15},"end":{"line":87,"column":16}},"loc":{"start":{"line":87,"column":22},"end":{"line":87,"column":29}}},"9":{"name":"(anonymous_11)","decl":{"start":{"line":88,"column":18},"end":{"line":88,"column":19}},"loc":{"start":{"line":88,"column":44},"end":{"line":88,"column":54}}},"10":{"name":"(anonymous_12)","decl":{"start":{"line":93,"column":54},"end":{"line":93,"column":55}},"loc":{"start":{"line":93,"column":61},"end":{"line":93,"column":69}}},"11":{"name":"(anonymous_13)","decl":{"start":{"line":94,"column":44},"end":{"line":94,"column":45}},"loc":{"start":{"line":94,"column":51},"end":{"line":94,"column":77}}},"12":{"name":"(anonymous_14)","decl":{"start":{"line":97,"column":33},"end":{"line":97,"column":34}},"loc":{"start":{"line":97,"column":44},"end":{"line":141,"column":9}}}},"branchMap":{"0":{"loc":{"start":{"line":12,"column":2},"end":{"line":12,"column":39}},"type":"if","locations":[{"start":{"line":12,"column":2},"end":{"line":12,"column":39}}]},"1":{"loc":{"start":{"line":13,"column":2},"end":{"line":13,"column":41}},"type":"if","locations":[{"start":{"line":13,"column":2},"end":{"line":13,"column":41}}]},"2":{"loc":{"start":{"line":14,"column":2},"end":{"line":14,"column":41}},"type":"if","locations":[{"start":{"line":14,"column":2},"end":{"line":14,"column":41}}]},"3":{"loc":{"start":{"line":15,"column":2},"end":{"line":15,"column":43}},"type":"if","locations":[{"start":{"line":15,"column":2},"end":{"line":15,"column":43}}]},"4":{"loc":{"start":{"line":16,"column":2},"end":{"line":16,"column":43}},"type":"if","locations":[{"start":{"line":16,"column":2},"end":{"line":16,"column":43}}]},"5":{"loc":{"start":{"line":17,"column":2},"end":{"line":17,"column":43}},"type":"if","locations":[{"start":{"line":17,"column":2},"end":{"line":17,"column":43}}]},"6":{"loc":{"start":{"line":18,"column":2},"end":{"line":18,"column":42}},"type":"if","locations":[{"start":{"line":18,"column":2},"end":{"line":18,"column":42}}]},"7":{"loc":{"start":{"line":40,"column":4},"end":{"line":40,"column":30}},"type":"if","locations":[{"start":{"line":40,"column":4},"end":{"line":40,"column":30}}]},"8":{"loc":{"start":{"line":48,"column":4},"end":{"line":51,"column":5}},"type":"if","locations":[{"start":{"line":48,"column":4},"end":{"line":51,"column":5}}]},"9":{"loc":{"start":{"line":61,"column":23},"end":{"line":61,"column":48}},"type":"binary-expr","locations":[{"start":{"line":61,"column":23},"end":{"line":61,"column":42}},{"start":{"line":61,"column":46},"end":{"line":61,"column":48}}]},"10":{"loc":{"start":{"line":66,"column":6},"end":{"line":69,"column":7}},"type":"if","locations":[{"start":{"line":66,"column":6},"end":{"line":69,"column":7}}]},"11":{"loc":{"start":{"line":90,"column":8},"end":{"line":90,"column":40}},"type":"if","locations":[{"start":{"line":90,"column":8},"end":{"line":90,"column":40}}]},"12":{"loc":{"start":{"line":125,"column":21},"end":{"line":125,"column":45}},"type":"binary-expr","locations":[{"start":{"line":125,"column":21},"end":{"line":125,"column":36}},{"start":{"line":125,"column":40},"end":{"line":125,"column":45}}]},"13":{"loc":{"start":{"line":126,"column":23},"end":{"line":126,"column":46}},"type":"binary-expr","locations":[{"start":{"line":126,"column":23},"end":{"line":126,"column":40}},{"start":{"line":126,"column":44},"end":{"line":126,"column":46}}]},"14":{"loc":{"start":{"line":136,"column":30},"end":{"line":136,"column":60}},"type":"binary-expr","locations":[{"start":{"line":136,"column":30},"end":{"line":136,"column":54}},{"start":{"line":136,"column":58},"end":{"line":136,"column":60}}]},"15":{"loc":{"start":{"line":139,"column":27},"end":{"line":139,"column":54}},"type":"binary-expr","locations":[{"start":{"line":139,"column":27},"end":{"line":139,"column":48}},{"start":{"line":139,"column":52},"end":{"line":139,"column":54}}]},"16":{"loc":{"start":{"line":148,"column":8},"end":{"line":150,"column":9}},"type":"if","locations":[{"start":{"line":148,"column":8},"end":{"line":150,"column":9}}]}},"s":{"0":1,"1":1,"2":1,"3":1,"4":1,"5":1,"6":1,"7":1,"8":1,"9":32,"10":18,"11":14,"12":2,"13":12,"14":2,"15":10,"16":2,"17":8,"18":2,"19":6,"20":2,"21":4,"22":2,"23":2,"24":1,"25":8,"26":8,"27":8,"28":8,"29":8,"30":0,"31":11,"32":11,"33":0,"34":11,"35":11,"36":11,"37":9,"38":1,"39":1,"40":8,"41":8,"42":8,"43":8,"44":8,"45":7,"46":2,"47":2,"48":5,"49":5,"50":5,"51":5,"52":5,"53":5,"54":5,"55":17,"56":5,"57":17,"58":5,"59":17,"60":16,"61":16,"62":5,"63":0,"64":5,"65":16,"66":5,"67":11,"68":5,"69":16,"70":16,"71":16,"72":16,"73":16,"74":16,"75":5,"76":5,"77":5,"78":5,"79":5,"80":5,"81":5,"82":1,"83":8,"84":1,"85":1,"86":1},"f":{"0":32,"1":8,"2":0,"3":11,"4":9,"5":17,"6":17,"7":17,"8":16,"9":16,"10":16,"11":11,"12":16},"b":{"0":[18],"1":[2],"2":[2],"3":[2],"4":[2],"5":[2],"6":[2],"7":[0],"8":[1],"9":[8,1],"10":[2],"11":[0],"12":[16,16],"13":[16,16],"14":[16,16],"15":[16,16],"16":[5]}}
}
