TN:
SF:src/modules/cats/cats.controller.ts
FN:21,(anonymous_4)
FN:24,(anonymous_5)
FN:29,(anonymous_6)
FN:35,(anonymous_7)
FN:49,(anonymous_8)
FN:67,(anonymous_9)
FN:86,(anonymous_10)
FN:114,(anonymous_11)
FN:142,(anonymous_12)
FNF:9
FNH:9
FNDA:22,(anonymous_4)
FNDA:1,(anonymous_5)
FNDA:1,(anonymous_6)
FNDA:2,(anonymous_7)
FNDA:5,(anonymous_8)
FNDA:2,(anonymous_9)
FNDA:3,(anonymous_10)
FNDA:3,(anonymous_11)
FNDA:5,(anonymous_12)
DA:1,1
DA:10,1
DA:12,1
DA:13,1
DA:14,1
DA:16,1
DA:20,1
DA:21,22
DA:24,1
DA:25,1
DA:29,1
DA:30,1
DA:35,1
DA:39,2
DA:40,2
DA:41,1
DA:43,1
DA:44,1
DA:49,1
DA:53,5
DA:54,3
DA:56,2
DA:57,2
DA:58,1
DA:60,1
DA:61,1
DA:67,1
DA:71,2
DA:72,2
DA:73,1
DA:76,1
DA:86,1
DA:90,3
DA:91,3
DA:92,1
DA:95,2
DA:96,2
DA:101,1
DA:107,1
DA:114,1
DA:118,3
DA:119,3
DA:120,1
DA:123,2
DA:124,2
DA:129,1
DA:135,1
DA:142,1
DA:146,5
LF:49
LH:49
BRDA:40,0,0,1
BRDA:53,1,0,3
BRDA:57,2,0,1
BRDA:72,3,0,1
BRDA:91,4,0,1
BRDA:119,5,0,1
BRF:6
BRH:6
end_of_record
TN:
SF:src/modules/cats/cats.service.ts
FN:12,(anonymous_2)
FN:14,(anonymous_3)
FN:23,(anonymous_4)
FN:37,(anonymous_5)
FN:47,(anonymous_6)
FN:57,(anonymous_7)
FN:75,(anonymous_8)
FN:82,(anonymous_9)
FN:106,(anonymous_10)
FNF:9
FNH:9
FNDA:13,(anonymous_2)
FNDA:1,(anonymous_3)
FNDA:2,(anonymous_4)
FNDA:4,(anonymous_5)
FNDA:2,(anonymous_6)
FNDA:2,(anonymous_7)
FNDA:1,(anonymous_8)
FNDA:2,(anonymous_9)
FNDA:5,(anonymous_10)
DA:1,2
DA:2,2
DA:3,2
DA:4,2
DA:5,2
DA:9,2
DA:10,13
DA:12,13
DA:15,1
DA:24,2
DA:31,2
DA:38,4
DA:43,4
DA:44,3
DA:48,2
DA:53,2
DA:54,1
DA:61,2
DA:63,2
DA:67,2
DA:74,2
DA:75,1
DA:83,2
DA:93,2
DA:95,1
DA:103,1
DA:107,5
LF:27
LH:27
BRDA:19,0,0,1
BRDA:19,0,1,1
BRDA:33,1,0,2
BRDA:33,1,1,1
BRDA:43,2,0,1
BRDA:53,3,0,1
BRDA:93,4,0,1
BRDA:103,5,0,1
BRDA:103,5,1,0
BRDA:113,6,0,5
BRDA:113,6,1,1
BRF:11
BRH:10
end_of_record
TN:
SF:src/modules/cats/dto/cat.dto.ts
FNF:0
FNH:0
DA:1,1
DA:3,1
DA:4,1
DA:5,1
DA:6,1
DA:7,1
DA:8,1
DA:9,1
DA:10,1
DA:11,1
DA:12,1
DA:13,1
DA:14,1
DA:15,1
DA:16,1
DA:17,1
DA:18,1
DA:19,1
DA:20,1
DA:21,1
DA:22,1
DA:23,1
DA:24,1
DA:25,1
DA:26,1
DA:27,1
DA:28,1
DA:29,1
DA:30,1
DA:31,1
DA:34,1
DA:35,1
DA:36,1
DA:37,1
DA:38,1
DA:41,1
DA:42,1
DA:43,1
DA:46,1
DA:47,1
DA:48,1
DA:49,1
DA:50,1
LF:43
LH:43
BRF:0
BRH:0
end_of_record
TN:
SF:src/modules/shared/drizzle/drizzle.service.ts
FN:13,(anonymous_2)
FN:20,(anonymous_3)
FNF:2
FNH:0
FNDA:0,(anonymous_2)
FNDA:0,(anonymous_3)
DA:1,3
DA:2,3
DA:3,3
DA:4,3
DA:5,3
DA:8,3
DA:9,0
DA:14,0
DA:15,0
DA:16,0
DA:17,0
DA:21,0
DA:22,0
LF:13
LH:6
BRF:0
BRH:0
end_of_record
TN:
SF:src/modules/shared/drizzle/schema/cats.ts
FN:54,(anonymous_0)
FNF:1
FNH:0
FNDA:0,(anonymous_0)
DA:1,3
DA:14,3
DA:54,0
LF:3
LH:2
BRF:0
BRH:0
end_of_record
TN:
SF:src/modules/shared/drizzle/schema/index.ts
FNF:0
FNH:0
DA:1,3
LF:1
LH:1
BRF:0
BRH:0
end_of_record
TN:
SF:src/modules/sync/ord-client.service.ts
FN:22,(anonymous_2)
FN:29,(anonymous_3)
FN:50,(anonymous_4)
FN:69,(anonymous_5)
FNF:4
FNH:4
FNDA:7,(anonymous_2)
FNDA:2,(anonymous_3)
FNDA:4,(anonymous_4)
FNDA:2,(anonymous_5)
DA:1,2
DA:2,2
DA:4,2
DA:19,2
DA:23,7
DA:30,2
DA:31,2
DA:36,2
DA:37,0
DA:40,2
DA:41,2
DA:43,1
DA:44,1
DA:51,4
DA:53,4
DA:58,4
DA:59,1
DA:62,3
DA:63,1
DA:66,2
DA:70,2
DA:72,2
DA:77,2
DA:78,1
DA:81,1
DA:82,1
LF:26
LH:25
BRDA:36,0,0,0
BRDA:41,1,0,1
BRDA:44,2,0,1
BRDA:44,2,1,0
BRDA:58,3,0,1
BRDA:62,4,0,1
BRDA:77,5,0,1
BRF:7
BRH:5
end_of_record
TN:
SF:src/modules/sync/sync.service.ts
FN:11,deriveCategory
FN:28,(anonymous_3)
FN:34,(anonymous_4)
FN:38,(anonymous_5)
FN:47,(anonymous_6)
FN:80,(anonymous_7)
FN:83,(anonymous_8)
FN:86,(anonymous_9)
FN:87,(anonymous_10)
FN:88,(anonymous_11)
FN:93,(anonymous_12)
FN:94,(anonymous_13)
FN:97,(anonymous_14)
FNF:13
FNH:12
FNDA:32,deriveCategory
FNDA:8,(anonymous_3)
FNDA:0,(anonymous_4)
FNDA:11,(anonymous_5)
FNDA:9,(anonymous_6)
FNDA:17,(anonymous_7)
FNDA:17,(anonymous_8)
FNDA:17,(anonymous_9)
FNDA:16,(anonymous_10)
FNDA:16,(anonymous_11)
FNDA:16,(anonymous_12)
FNDA:11,(anonymous_13)
FNDA:16,(anonymous_14)
DA:1,1
DA:2,1
DA:3,1
DA:4,1
DA:5,1
DA:6,1
DA:7,1
DA:9,1
DA:11,1
DA:12,32
DA:13,14
DA:14,12
DA:15,10
DA:16,8
DA:17,6
DA:18,4
DA:19,2
DA:23,1
DA:24,8
DA:25,8
DA:26,8
DA:29,8
DA:30,8
DA:34,1
DA:35,0
DA:39,11
DA:40,11
DA:42,11
DA:43,11
DA:44,11
DA:48,9
DA:49,1
DA:50,1
DA:53,8
DA:55,8
DA:57,8
DA:61,8
DA:64,8
DA:66,7
DA:67,2
DA:68,2
DA:71,5
DA:72,5
DA:74,5
DA:75,5
DA:77,5
DA:79,5
DA:80,17
DA:82,5
DA:83,17
DA:85,5
DA:86,17
DA:87,16
DA:88,16
DA:90,5
DA:93,16
DA:94,11
DA:97,5
DA:98,16
DA:99,16
DA:101,16
DA:109,16
DA:110,16
DA:112,16
DA:143,5
DA:145,5
DA:146,5
DA:148,5
DA:149,5
DA:153,5
DA:154,5
DA:156,1
DA:158,8
LF:73
LH:72
BRDA:12,0,0,18
BRDA:13,1,0,2
BRDA:14,2,0,2
BRDA:15,3,0,2
BRDA:16,4,0,2
BRDA:17,5,0,2
BRDA:18,6,0,2
BRDA:40,7,0,0
BRDA:48,8,0,1
BRDA:61,9,0,8
BRDA:61,9,1,1
BRDA:66,10,0,2
BRDA:90,11,0,0
BRDA:125,12,0,16
BRDA:125,12,1,16
BRDA:126,13,0,16
BRDA:126,13,1,16
BRDA:136,14,0,16
BRDA:136,14,1,16
BRDA:139,15,0,16
BRDA:139,15,1,16
BRDA:148,16,0,5
BRF:22
BRH:20
end_of_record
